<?xml version="1.0" encoding="UTF-8"?>
<!-- Generated by org.testng.reporters.JUnitReportReporter -->
<testsuite skipped="1" hostname="Tyss-4F-Pratibha" name="qsp.scripts.TestScipts" tests="2" failures="0" timestamp="27 Mar 2019 15:58:04 GMT" time="24.918" errors="0">
  <testcase name="testSortList" time="24.918" classname="qsp.scripts.TestScipts"/>
  <testcase name="testCreateEmployee" classname="qsp.scripts.TestScipts">
    <skipped/>
  </testcase> <!-- testCreateEmployee -->
</testsuite> <!-- qsp.scripts.TestScipts -->
