<?xml version="1.0" encoding="UTF-8"?>
<!-- Generated by org.testng.reporters.JUnitReportReporter -->
<testsuite hostname="Tyss-4F-Pratibha" name="qsp.scripts.TestScipts" tests="1" failures="0" timestamp="27 Mar 2019 16:01:53 GMT" time="23.912" errors="0">
  <testcase name="testSortList" time="23.912" classname="qsp.scripts.TestScipts"/>
</testsuite> <!-- qsp.scripts.TestScipts -->
